<?xml version="1.0" encoding="UTF-8"?>
<!-- Generated by org.testng.reporters.JUnitReportReporter -->
<testsuite hostname="SPGRASD11" name="com.ams.qa.testcases.AssignSubDepartmentToManageEscalationTest" tests="10" failures="0" timestamp="1 Feb 2021 07:46:23 GMT" time="44.570" errors="0">
  <testcase name="getSubDepartment" time="1.334" classname="com.ams.qa.testcases.AssignSubDepartmentToManageEscalationTest"/>
  <testcase name="getEdit" time="3.141" classname="com.ams.qa.testcases.AssignSubDepartmentToManageEscalationTest"/>
  <testcase name="getRole" time="2.915" classname="com.ams.qa.testcases.AssignSubDepartmentToManageEscalationTest"/>
  <testcase name="getAssignSubDepartmentToManageEscalation" time="3.700" classname="com.ams.qa.testcases.AssignSubDepartmentToManageEscalationTest"/>
  <testcase name="getAdd" time="4.277" classname="com.ams.qa.testcases.AssignSubDepartmentToManageEscalationTest"/>
  <testcase name="getUserRegisteration" time="10.134" classname="com.ams.qa.testcases.AssignSubDepartmentToManageEscalationTest"/>
  <testcase name="getUserMnagement" time="2.131" classname="com.ams.qa.testcases.AssignSubDepartmentToManageEscalationTest"/>
  <testcase name="getEmployee" time="6.105" classname="com.ams.qa.testcases.AssignSubDepartmentToManageEscalationTest"/>
  <testcase name="getCostCenter" time="6.676" classname="com.ams.qa.testcases.AssignSubDepartmentToManageEscalationTest"/>
  <testcase name="getUpdate" time="4.157" classname="com.ams.qa.testcases.AssignSubDepartmentToManageEscalationTest"/>
</testsuite> <!-- com.ams.qa.testcases.AssignSubDepartmentToManageEscalationTest -->
