<?xml version="1.0" encoding="UTF-8"?>
<!-- Generated by org.testng.reporters.JUnitReportReporter -->
<testsuite hostname="SPGRASD11" name="com.ams.qa.admin.testcases.ManageAttendanceSourceTest" tests="13" failures="0" timestamp="2 Feb 2021 11:50:26 GMT" time="45.335" errors="0">
  <testcase name="getSubSkillSet" time="2.110" classname="com.ams.qa.admin.testcases.ManageAttendanceSourceTest"/>
  <testcase name="getPrimarysource" time="3.564" classname="com.ams.qa.admin.testcases.ManageAttendanceSourceTest"/>
  <testcase name="getEdit" time="3.117" classname="com.ams.qa.admin.testcases.ManageAttendanceSourceTest"/>
  <testcase name="getCostcenter" time="2.887" classname="com.ams.qa.admin.testcases.ManageAttendanceSourceTest"/>
  <testcase name="getSkillSet" time="3.902" classname="com.ams.qa.admin.testcases.ManageAttendanceSourceTest"/>
  <testcase name="getupdate" time="5.093" classname="com.ams.qa.admin.testcases.ManageAttendanceSourceTest"/>
  <testcase name="getUserRegisteration" time="6.503" classname="com.ams.qa.admin.testcases.ManageAttendanceSourceTest"/>
  <testcase name="getDepartment" time="2.834" classname="com.ams.qa.admin.testcases.ManageAttendanceSourceTest"/>
  <testcase name="getSubDepartment" time="3.184" classname="com.ams.qa.admin.testcases.ManageAttendanceSourceTest"/>
  <testcase name="getManageAttendanceSourse" time="3.769" classname="com.ams.qa.admin.testcases.ManageAttendanceSourceTest"/>
  <testcase name="getType" time="2.103" classname="com.ams.qa.admin.testcases.ManageAttendanceSourceTest"/>
  <testcase name="getAdd" time="4.139" classname="com.ams.qa.admin.testcases.ManageAttendanceSourceTest"/>
  <testcase name="getAdmin" time="2.130" classname="com.ams.qa.admin.testcases.ManageAttendanceSourceTest"/>
</testsuite> <!-- com.ams.qa.admin.testcases.ManageAttendanceSourceTest -->
