<?xml version="1.0" encoding="UTF-8"?>
<!-- Generated by org.testng.reporters.JUnitReportReporter -->
<testsuite hostname="SPGRASD11" name="com.ams.qa.testcases.AssignRolesTest" tests="8" failures="0" timestamp="1 Feb 2021 07:36:26 GMT" time="35.065" errors="0">
  <testcase name="getEdit" time="3.136" classname="com.ams.qa.testcases.AssignRolesTest"/>
  <testcase name="getAdd" time="4.155" classname="com.ams.qa.testcases.AssignRolesTest"/>
  <testcase name="getCheckbox" time="4.434" classname="com.ams.qa.testcases.AssignRolesTest"/>
  <testcase name="getUpdate" time="5.154" classname="com.ams.qa.testcases.AssignRolesTest"/>
  <testcase name="getUserRegisteration" time="7.554" classname="com.ams.qa.testcases.AssignRolesTest"/>
  <testcase name="getUserMnagement" time="2.459" classname="com.ams.qa.testcases.AssignRolesTest"/>
  <testcase name="getAssignRoles" time="4.024" classname="com.ams.qa.testcases.AssignRolesTest"/>
  <testcase name="getEmployeeID" time="4.149" classname="com.ams.qa.testcases.AssignRolesTest"/>
</testsuite> <!-- com.ams.qa.testcases.AssignRolesTest -->
