<?xml version="1.0" encoding="UTF-8"?>
<!-- Generated by org.testng.reporters.JUnitReportReporter -->
<testsuite hostname="SPGRASD11" name="com.ams.qa.testcases.UserManagementManageRolesTest" tests="8" failures="0" timestamp="30 Jan 2021 11:32:42 GMT" time="27.467" errors="0">
  <testcase name="getUserMnagement" time="2.159" classname="com.ams.qa.testcases.UserManagementManageRolesTest"/>
  <testcase name="getUpdate" time="3.564" classname="com.ams.qa.testcases.UserManagementManageRolesTest"/>
  <testcase name="getAdd" time="4.138" classname="com.ams.qa.testcases.UserManagementManageRolesTest"/>
  <testcase name="getUserRegisteration" time="6.502" classname="com.ams.qa.testcases.UserManagementManageRolesTest"/>
  <testcase name="getEdit" time="3.128" classname="com.ams.qa.testcases.UserManagementManageRolesTest"/>
  <testcase name="getRoles" time="2.217" classname="com.ams.qa.testcases.UserManagementManageRolesTest"/>
  <testcase name="getManagerRoles" time="3.284" classname="com.ams.qa.testcases.UserManagementManageRolesTest"/>
  <testcase name="getModules" time="2.475" classname="com.ams.qa.testcases.UserManagementManageRolesTest"/>
</testsuite> <!-- com.ams.qa.testcases.UserManagementManageRolesTest -->
