<?xml version="1.0" encoding="UTF-8"?>
<!-- Generated by org.testng.reporters.JUnitReportReporter -->
<testsuite hostname="SPGRASD11" name="com.ams.qa.usermanagement.testcases.AssignSubDepartmentToManageEscalationTest" tests="10" failures="0" timestamp="2 Feb 2021 04:20:07 GMT" time="40.891" errors="0">
  <testcase name="getRole" time="2.767" classname="com.ams.qa.usermanagement.testcases.AssignSubDepartmentToManageEscalationTest"/>
  <testcase name="getAssignSubDepartmentToManageEscalation" time="2.869" classname="com.ams.qa.usermanagement.testcases.AssignSubDepartmentToManageEscalationTest"/>
  <testcase name="getEdit" time="3.148" classname="com.ams.qa.usermanagement.testcases.AssignSubDepartmentToManageEscalationTest"/>
  <testcase name="getUserMnagement" time="2.133" classname="com.ams.qa.usermanagement.testcases.AssignSubDepartmentToManageEscalationTest"/>
  <testcase name="getUserRegisteration" time="8.237" classname="com.ams.qa.usermanagement.testcases.AssignSubDepartmentToManageEscalationTest"/>
  <testcase name="getAdd" time="4.106" classname="com.ams.qa.usermanagement.testcases.AssignSubDepartmentToManageEscalationTest"/>
  <testcase name="getSubDepartment" time="1.352" classname="com.ams.qa.usermanagement.testcases.AssignSubDepartmentToManageEscalationTest"/>
  <testcase name="getEmployee" time="5.897" classname="com.ams.qa.usermanagement.testcases.AssignSubDepartmentToManageEscalationTest"/>
  <testcase name="getCostCenter" time="6.149" classname="com.ams.qa.usermanagement.testcases.AssignSubDepartmentToManageEscalationTest"/>
  <testcase name="getUpdate" time="4.233" classname="com.ams.qa.usermanagement.testcases.AssignSubDepartmentToManageEscalationTest"/>
</testsuite> <!-- com.ams.qa.usermanagement.testcases.AssignSubDepartmentToManageEscalationTest -->
