<?xml version="1.0" encoding="UTF-8"?>
<!-- Generated by org.testng.reporters.JUnitReportReporter -->
<testsuite hostname="SPGRASD11" name="com.ams.qa.testcases.AssignCostcenterTest" tests="9" failures="0" timestamp="30 Jan 2021 11:32:42 GMT" time="31.645" errors="0">
  <testcase name="getUserRegisteration" time="5.339" classname="com.ams.qa.testcases.AssignCostcenterTest"/>
  <testcase name="getAssignCostCenter" time="3.435" classname="com.ams.qa.testcases.AssignCostcenterTest"/>
  <testcase name="getAdd" time="4.091" classname="com.ams.qa.testcases.AssignCostcenterTest"/>
  <testcase name="getCheckbox" time="0.287" classname="com.ams.qa.testcases.AssignCostcenterTest"/>
  <testcase name="getEdit" time="3.130" classname="com.ams.qa.testcases.AssignCostcenterTest"/>
  <testcase name="getUpdate" time="5.086" classname="com.ams.qa.testcases.AssignCostcenterTest"/>
  <testcase name="getEmployee" time="5.111" classname="com.ams.qa.testcases.AssignCostcenterTest"/>
  <testcase name="getUserMnagement" time="2.263" classname="com.ams.qa.testcases.AssignCostcenterTest"/>
  <testcase name="getRole" time="2.903" classname="com.ams.qa.testcases.AssignCostcenterTest"/>
</testsuite> <!-- com.ams.qa.testcases.AssignCostcenterTest -->
